<?xml version="1.0" encoding="UTF-8"?>
<!-- Generated by org.testng.reporters.JUnitReportReporter -->
<testsuite skipped="0" hostname="USHYDMPRASHAN6" name="com.selenium.ApiTest" tests="6" failures="0" timestamp="2022-09-12T15:06:41 IST" time="4.602" errors="0">
  <testcase name="getTest" time="1.568" classname="com.selenium.ApiTest"/>
  <system-out/>
  <testcase name="getTest" time="0.264" classname="com.selenium.ApiTest"/>
  <system-out/>
  <testcase name="postTest" time="0.749" classname="com.selenium.ApiTest"/>
  <system-out/>
  <testcase name="patchTest" time="0.691" classname="com.selenium.ApiTest"/>
  <system-out/>
  <testcase name="putTest" time="0.819" classname="com.selenium.ApiTest"/>
  <system-out/>
  <testcase name="deleteTest" time="0.511" classname="com.selenium.ApiTest"/>
  <system-out/>
</testsuite> <!-- com.selenium.ApiTest -->
