<?xml version="1.0" encoding="UTF-8"?>
<!-- Generated by org.testng.reporters.JUnitReportReporter -->
<testsuite skipped="3" hostname="USHYDMPRASHAN6" name="com.heroku.TestClass" tests="4" failures="0" timestamp="2022-09-20T18:51:40 IST" time="21.225" errors="0">
  <testcase name="dragAndDrop" time="21.225" classname="com.heroku.TestClass"/>
  <system-out/>
  <testcase name="basicAuth" classname="com.heroku.TestClass">
    <skipped/>
  </testcase> <!-- basicAuth -->
  <system-out/>
  <testcase name="sortingTest" classname="com.heroku.TestClass">
    <skipped/>
  </testcase> <!-- sortingTest -->
  <system-out/>
  <testcase name="contextMenu" classname="com.heroku.TestClass">
    <skipped/>
  </testcase> <!-- contextMenu -->
  <system-out/>
</testsuite> <!-- com.heroku.TestClass -->
